********************************************************************************
DUPLICATOR-LITE PACKAGE-LOG: April 2, 2024 5:50 am
NOTICE: Do NOT post to public sites or forums 
********************************************************************************
VERSION:	1.5.8.1
WORDPRESS:	6.4.3
PHP INFO:	7.4.33 | SAPI: litespeed
SERVER:		LiteSpeed 
PHP TIME LIMIT: (0) no time limit imposed 
PHP MAX MEMORY: 4294967296 (1024M default) 
MEMORY STACK: 75MB

********************************************************************************
DATABASE:
********************************************************************************
BUILD MODE:   MYSQLDUMP
MYSQLTIMEOUT: 5000
MYSQLDUMP:    Is Supported
SQL CREATED: 20240402_myblog_c1e8d9f66e6571207378_20240402054933_database.sql
SQL FILE SIZE: 14.15MB (14840391)
SQL FILE TIME: 2024-04-02 05:50:01
SQL RUNTIME: 1.37 sec.

********************************************************************************
ARCHIVE (ZIP):
********************************************************************************
ARCHIVE DIR:  /home3/brandgt1/qq.brandgtl.com
ARCHIVE FILE: 20240402_myblog_c1e8d9f66e6571207378_20240402054933_archive.zip
FILTERS: *OFF*
DIRS:
	not set
FILES:
	not set
EXTS:  not set
----------------------------------------
COMPRESSING
SIZE:	12.91GB
STATS:	Dirs 2,819 | Files 33,034
SQL ADDED: 20240402_myblog_c1e8d9f66e6571207378_20240402054933_database.sql
ZipArchive Object
(
    [status] => 0
    [statusSys] => 0
    [numFiles] => 35853
    [filename] => /home3/brandgt1/qq.brandgtl.com/wp-content/backups-dup-lite/tmp/20240402_myblog_c1e8d9f66e6571207378_20240402054933_archive.zip
    [comment] => 
)

FILE ADDED TO ZIP: 35852
