2024-03-24 11:37:20 - PHP Notice:  Undefined index: token in /home/atleti00/atletik.in.ua/www/admin/controller/extension/module/open_specials.php on line 55
2024-03-24 11:37:20 - PHP Notice:  Undefined index: token in /home/atleti00/atletik.in.ua/www/admin/controller/extension/module/open_specials.php on line 60
2024-03-24 11:37:20 - PHP Notice:  Undefined index: token in /home/atleti00/atletik.in.ua/www/admin/controller/extension/module/open_specials.php on line 65
2024-03-24 11:37:20 - PHP Notice:  Undefined index: token in /home/atleti00/atletik.in.ua/www/admin/controller/extension/module/open_specials.php on line 68
2024-03-24 11:37:20 - PHP Notice:  Undefined index: token in /home/atleti00/atletik.in.ua/www/admin/controller/extension/module/open_specials.php on line 70
2024-03-24 11:37:20 - PHP Notice:  Undefined index: token in /home/atleti00/atletik.in.ua/www/admin/controller/extension/module/open_specials.php on line 72
2024-03-24 11:37:55 - PHP Notice:  Undefined index: token in /home/atleti00/atletik.in.ua/www/admin/controller/extension/module/open_specials.php on line 55
2024-03-24 11:37:55 - PHP Notice:  Undefined index: token in /home/atleti00/atletik.in.ua/www/admin/controller/extension/module/open_specials.php on line 60
2024-03-24 11:37:55 - PHP Notice:  Undefined index: token in /home/atleti00/atletik.in.ua/www/admin/controller/extension/module/open_specials.php on line 65
2024-03-24 11:37:55 - PHP Notice:  Undefined index: token in /home/atleti00/atletik.in.ua/www/admin/controller/extension/module/open_specials.php on line 68
2024-03-24 11:37:55 - PHP Notice:  Undefined index: token in /home/atleti00/atletik.in.ua/www/admin/controller/extension/module/open_specials.php on line 70
2024-03-24 11:37:55 - PHP Notice:  Undefined index: token in /home/atleti00/atletik.in.ua/www/admin/controller/extension/module/open_specials.php on line 72
2024-03-24 11:39:23 - PHP Notice:  Undefined index: token in /home/atleti00/atletik.in.ua/www/admin/controller/extension/module/open_specials.php on line 55
2024-03-24 11:39:23 - PHP Notice:  Undefined index: token in /home/atleti00/atletik.in.ua/www/admin/controller/extension/module/open_specials.php on line 60
2024-03-24 11:39:23 - PHP Notice:  Undefined index: token in /home/atleti00/atletik.in.ua/www/admin/controller/extension/module/open_specials.php on line 65
2024-03-24 11:39:23 - PHP Notice:  Undefined index: token in /home/atleti00/atletik.in.ua/www/admin/controller/extension/module/open_specials.php on line 68
2024-03-24 11:39:23 - PHP Notice:  Undefined index: token in /home/atleti00/atletik.in.ua/www/admin/controller/extension/module/open_specials.php on line 70
2024-03-24 11:39:23 - PHP Notice:  Undefined index: token in /home/atleti00/atletik.in.ua/www/admin/controller/extension/module/open_specials.php on line 72
2024-03-24 11:40:45 - PHP Notice:  Undefined index: token in /home/atleti00/atletik.in.ua/www/admin/controller/extension/module/open_specials.php on line 55
2024-03-24 11:40:45 - PHP Notice:  Undefined index: token in /home/atleti00/atletik.in.ua/www/admin/controller/extension/module/open_specials.php on line 60
2024-03-24 11:40:45 - PHP Notice:  Undefined index: token in /home/atleti00/atletik.in.ua/www/admin/controller/extension/module/open_specials.php on line 65
2024-03-24 11:40:45 - PHP Notice:  Undefined index: token in /home/atleti00/atletik.in.ua/www/admin/controller/extension/module/open_specials.php on line 68
2024-03-24 11:40:45 - PHP Notice:  Undefined index: token in /home/atleti00/atletik.in.ua/www/admin/controller/extension/module/open_specials.php on line 70
2024-03-24 11:40:45 - PHP Notice:  Undefined index: token in /home/atleti00/atletik.in.ua/www/admin/controller/extension/module/open_specials.php on line 72
2024-03-24 11:44:33 - PHP Notice:  Undefined index: token in /home/atleti00/atletik.in.ua/www/admin/controller/extension/module/open_specials.php on line 55
2024-03-24 11:44:33 - PHP Notice:  Undefined index: token in /home/atleti00/atletik.in.ua/www/admin/controller/extension/module/open_specials.php on line 60
2024-03-24 11:44:33 - PHP Notice:  Undefined index: token in /home/atleti00/atletik.in.ua/www/admin/controller/extension/module/open_specials.php on line 65
2024-03-24 11:44:33 - PHP Notice:  Undefined index: token in /home/atleti00/atletik.in.ua/www/admin/controller/extension/module/open_specials.php on line 68
2024-03-24 11:44:33 - PHP Notice:  Undefined index: token in /home/atleti00/atletik.in.ua/www/admin/controller/extension/module/open_specials.php on line 70
2024-03-24 11:44:33 - PHP Notice:  Undefined index: token in /home/atleti00/atletik.in.ua/www/admin/controller/extension/module/open_specials.php on line 72
2024-03-24 15:42:12 - PHP Unknown:  Methods with the same name as their class will not be constructors in a future version of PHP; mPDF has a deprecated constructor in /home/atleti00/atletik.in.ua/www/system/library/mpdf/mpdf.php on line 89
2024-03-24 15:42:12 - PHP Warning:  Use of undefined constant HTTPs_CATALOG - assumed 'HTTPs_CATALOG' (this will throw an Error in a future version of PHP) in /home/atleti00/atletik.in.ua/www/admin/controller/sale/order.php on line 115
2024-03-24 15:42:12 - PHP Unknown:  Methods with the same name as their class will not be constructors in a future version of PHP; grad has a deprecated constructor in /home/atleti00/atletik.in.ua/www/system/library/mpdf/classes/grad.php on line 3
2024-03-24 15:42:12 - PHP Unknown:  Methods with the same name as their class will not be constructors in a future version of PHP; mpdfform has a deprecated constructor in /home/atleti00/atletik.in.ua/www/system/library/mpdf/classes/mpdfform.php on line 3
2024-03-24 15:42:12 - PHP Unknown:  Methods with the same name as their class will not be constructors in a future version of PHP; cssmgr has a deprecated constructor in /home/atleti00/atletik.in.ua/www/system/library/mpdf/classes/cssmgr.php on line 3
2024-03-24 15:42:12 - PHP Notice:  A non well formed numeric value encountered in /home/atleti00/atletik.in.ua/www/system/library/mpdf/mpdf.php on line 31913
2024-03-24 15:42:12 - PHP Unknown:  Methods with the same name as their class will not be constructors in a future version of PHP; otl has a deprecated constructor in /home/atleti00/atletik.in.ua/www/system/library/mpdf/classes/otl.php on line 12
2024-03-24 15:42:12 - PHP Warning:  Illegal string offset 'ID' in /home/atleti00/atletik.in.ua/www/system/library/mpdf/classes/cssmgr.php on line 1136
2024-03-24 15:42:12 - PHP Warning:  Cannot assign an empty string to a string offset in /home/atleti00/atletik.in.ua/www/system/library/mpdf/classes/cssmgr.php on line 1136
2024-03-24 15:42:12 - PHP Warning:  Illegal string offset 'LANG' in /home/atleti00/atletik.in.ua/www/system/library/mpdf/classes/cssmgr.php on line 1139
2024-03-24 15:42:12 - PHP Warning:  Cannot assign an empty string to a string offset in /home/atleti00/atletik.in.ua/www/system/library/mpdf/classes/cssmgr.php on line 1139
2024-03-24 15:42:12 - PHP Warning:  Illegal string offset 'ID' in /home/atleti00/atletik.in.ua/www/system/library/mpdf/classes/cssmgr.php on line 1190
2024-03-24 15:42:12 - PHP Notice:  Uninitialized string offset: 0 in /home/atleti00/atletik.in.ua/www/system/library/mpdf/classes/cssmgr.php on line 1190
2024-03-24 15:42:12 - PHP Warning:  Illegal string offset 'LANG' in /home/atleti00/atletik.in.ua/www/system/library/mpdf/classes/cssmgr.php on line 1190
2024-03-24 15:42:12 - PHP Notice:  Uninitialized string offset: 0 in /home/atleti00/atletik.in.ua/www/system/library/mpdf/classes/cssmgr.php on line 1190
2024-03-24 15:42:12 - PHP Notice:  A non well formed numeric value encountered in /home/atleti00/atletik.in.ua/www/system/library/mpdf/mpdf.php on line 31910
2024-03-24 15:42:12 - PHP Notice:  A non well formed numeric value encountered in /home/atleti00/atletik.in.ua/www/system/library/mpdf/mpdf.php on line 31913
2024-03-24 15:42:12 - PHP Notice:  A non well formed numeric value encountered in /home/atleti00/atletik.in.ua/www/system/library/mpdf/mpdf.php on line 31910
2024-03-24 15:42:12 - PHP Notice:  A non well formed numeric value encountered in /home/atleti00/atletik.in.ua/www/system/library/mpdf/mpdf.php on line 12104
2024-03-24 15:42:12 - PHP Notice:  A non well formed numeric value encountered in /home/atleti00/atletik.in.ua/www/system/library/mpdf/mpdf.php on line 12104
2024-03-24 15:42:12 - PHP Notice:  A non well formed numeric value encountered in /home/atleti00/atletik.in.ua/www/system/library/mpdf/mpdf.php on line 12140
2024-03-24 15:42:12 - PHP Notice:  A non well formed numeric value encountered in /home/atleti00/atletik.in.ua/www/system/library/mpdf/mpdf.php on line 12104
2024-03-24 15:42:12 - PHP Notice:  A non well formed numeric value encountered in /home/atleti00/atletik.in.ua/www/system/library/mpdf/mpdf.php on line 12104
2024-03-24 15:42:12 - PHP Notice:  A non well formed numeric value encountered in /home/atleti00/atletik.in.ua/www/system/library/mpdf/mpdf.php on line 31913
2024-03-24 15:42:12 - PHP Notice:  A non well formed numeric value encountered in /home/atleti00/atletik.in.ua/www/system/library/mpdf/mpdf.php on line 31912
2024-03-24 15:42:12 - PHP Notice:  A non well formed numeric value encountered in /home/atleti00/atletik.in.ua/www/system/library/mpdf/mpdf.php on line 31912
2024-03-24 15:42:12 - PHP Notice:  A non well formed numeric value encountered in /home/atleti00/atletik.in.ua/www/system/library/mpdf/mpdf.php on line 31912
2024-03-24 15:42:12 - PHP Notice:  A non well formed numeric value encountered in /home/atleti00/atletik.in.ua/www/system/library/mpdf/mpdf.php on line 12104
2024-03-24 15:42:12 - PHP Notice:  A non well formed numeric value encountered in /home/atleti00/atletik.in.ua/www/system/library/mpdf/mpdf.php on line 12104
2024-03-24 15:42:12 - PHP Notice:  A non well formed numeric value encountered in /home/atleti00/atletik.in.ua/www/system/library/mpdf/mpdf.php on line 12140
2024-03-24 15:42:12 - PHP Notice:  A non well formed numeric value encountered in /home/atleti00/atletik.in.ua/www/system/library/mpdf/mpdf.php on line 31912
2024-03-24 15:42:12 - PHP Notice:  A non well formed numeric value encountered in /home/atleti00/atletik.in.ua/www/system/library/mpdf/mpdf.php on line 12104
2024-03-24 15:42:12 - PHP Notice:  A non well formed numeric value encountered in /home/atleti00/atletik.in.ua/www/system/library/mpdf/mpdf.php on line 12104
2024-03-24 15:42:12 - PHP Notice:  A non well formed numeric value encountered in /home/atleti00/atletik.in.ua/www/system/library/mpdf/mpdf.php on line 31913
2024-03-24 15:42:12 - PHP Notice:  A non well formed numeric value encountered in /home/atleti00/atletik.in.ua/www/system/library/mpdf/mpdf.php on line 31912
2024-03-24 15:42:12 - PHP Notice:  A non well formed numeric value encountered in /home/atleti00/atletik.in.ua/www/system/library/mpdf/mpdf.php on line 31912
2024-03-24 15:42:12 - PHP Notice:  A non well formed numeric value encountered in /home/atleti00/atletik.in.ua/www/system/library/mpdf/mpdf.php on line 31912
2024-03-24 15:42:12 - PHP Notice:  A non well formed numeric value encountered in /home/atleti00/atletik.in.ua/www/system/library/mpdf/mpdf.php on line 12104
2024-03-24 15:42:12 - PHP Notice:  A non well formed numeric value encountered in /home/atleti00/atletik.in.ua/www/system/library/mpdf/mpdf.php on line 12140
2024-03-24 15:42:12 - PHP Notice:  A non well formed numeric value encountered in /home/atleti00/atletik.in.ua/www/system/library/mpdf/mpdf.php on line 31912
2024-03-24 15:42:12 - PHP Notice:  A non well formed numeric value encountered in /home/atleti00/atletik.in.ua/www/system/library/mpdf/mpdf.php on line 12104
2024-03-24 15:42:12 - PHP Notice:  A non well formed numeric value encountered in /home/atleti00/atletik.in.ua/www/system/library/mpdf/mpdf.php on line 31924
2024-03-24 15:42:12 - PHP Notice:  A non well formed numeric value encountered in /home/atleti00/atletik.in.ua/www/system/library/mpdf/mpdf.php on line 31912
2024-03-24 15:42:12 - PHP Notice:  A non well formed numeric value encountered in /home/atleti00/atletik.in.ua/www/system/library/mpdf/mpdf.php on line 19269
2024-03-24 15:42:12 - PHP Notice:  A non well formed numeric value encountered in /home/atleti00/atletik.in.ua/www/system/library/mpdf/mpdf.php on line 12104
2024-03-24 15:42:12 - PHP Notice:  A non well formed numeric value encountered in /home/atleti00/atletik.in.ua/www/system/library/mpdf/mpdf.php on line 12104
2024-03-24 15:42:12 - PHP Notice:  A non well formed numeric value encountered in /home/atleti00/atletik.in.ua/www/system/library/mpdf/mpdf.php on line 12104
2024-03-24 15:42:12 - PHP Notice:  A non well formed numeric value encountered in /home/atleti00/atletik.in.ua/www/system/library/mpdf/mpdf.php on line 12140
2024-03-24 15:42:12 - PHP Notice:  A non well formed numeric value encountered in /home/atleti00/atletik.in.ua/www/system/library/mpdf/mpdf.php on line 12104
2024-03-24 15:42:12 - PHP Notice:  A non well formed numeric value encountered in /home/atleti00/atletik.in.ua/www/system/library/mpdf/mpdf.php on line 12104
2024-03-24 15:42:12 - PHP Notice:  A non well formed numeric value encountered in /home/atleti00/atletik.in.ua/www/system/library/mpdf/mpdf.php on line 31913
2024-03-24 15:42:12 - PHP Notice:  A non well formed numeric value encountered in /home/atleti00/atletik.in.ua/www/system/library/mpdf/mpdf.php on line 31912
2024-03-24 15:42:12 - PHP Notice:  A non well formed numeric value encountered in /home/atleti00/atletik.in.ua/www/system/library/mpdf/mpdf.php on line 31912
2024-03-24 15:42:12 - PHP Notice:  A non well formed numeric value encountered in /home/atleti00/atletik.in.ua/www/system/library/mpdf/mpdf.php on line 31924
2024-03-24 15:42:12 - PHP Notice:  A non well formed numeric value encountered in /home/atleti00/atletik.in.ua/www/system/library/mpdf/mpdf.php on line 31910
2024-03-24 15:42:12 - PHP Notice:  A non well formed numeric value encountered in /home/atleti00/atletik.in.ua/www/system/library/mpdf/mpdf.php on line 31910
2024-03-24 15:42:12 - PHP Notice:  A non well formed numeric value encountered in /home/atleti00/atletik.in.ua/www/system/library/mpdf/mpdf.php on line 31910
2024-03-24 15:42:12 - PHP Notice:  A non well formed numeric value encountered in /home/atleti00/atletik.in.ua/www/system/library/mpdf/mpdf.php on line 31912
2024-03-24 15:42:12 - PHP Notice:  A non well formed numeric value encountered in /home/atleti00/atletik.in.ua/www/system/library/mpdf/mpdf.php on line 12104
2024-03-24 15:42:12 - PHP Notice:  A non well formed numeric value encountered in /home/atleti00/atletik.in.ua/www/system/library/mpdf/mpdf.php on line 12140
2024-03-24 15:42:12 - PHP Notice:  A non well formed numeric value encountered in /home/atleti00/atletik.in.ua/www/system/library/mpdf/mpdf.php on line 31912
2024-03-24 15:42:12 - PHP Notice:  A non well formed numeric value encountered in /home/atleti00/atletik.in.ua/www/system/library/mpdf/mpdf.php on line 12104
2024-03-24 15:42:12 - PHP Notice:  A non well formed numeric value encountered in /home/atleti00/atletik.in.ua/www/system/library/mpdf/mpdf.php on line 12104
2024-03-24 15:42:12 - PHP Notice:  A non well formed numeric value encountered in /home/atleti00/atletik.in.ua/www/system/library/mpdf/mpdf.php on line 31910
2024-03-24 15:42:12 - PHP Notice:  A non well formed numeric value encountered in /home/atleti00/atletik.in.ua/www/system/library/mpdf/mpdf.php on line 31924
2024-03-24 15:42:12 - PHP Notice:  A non well formed numeric value encountered in /home/atleti00/atletik.in.ua/www/system/library/mpdf/mpdf.php on line 31912
2024-03-24 15:42:12 - PHP Notice:  A non well formed numeric value encountered in /home/atleti00/atletik.in.ua/www/system/library/mpdf/mpdf.php on line 19269
2024-03-24 15:42:12 - PHP Notice:  A non well formed numeric value encountered in /home/atleti00/atletik.in.ua/www/system/library/mpdf/mpdf.php on line 31912
2024-03-24 15:42:12 - PHP Notice:  A non well formed numeric value encountered in /home/atleti00/atletik.in.ua/www/system/library/mpdf/mpdf.php on line 31910
2024-03-24 15:42:12 - PHP Notice:  A non well formed numeric value encountered in /home/atleti00/atletik.in.ua/www/system/library/mpdf/mpdf.php on line 31910
2024-03-24 15:42:12 - PHP Notice:  A non well formed numeric value encountered in /home/atleti00/atletik.in.ua/www/system/library/mpdf/mpdf.php on line 31910
2024-03-24 15:42:12 - PHP Notice:  A non well formed numeric value encountered in /home/atleti00/atletik.in.ua/www/system/library/mpdf/mpdf.php on line 31910
2024-03-24 15:42:12 - PHP Notice:  A non well formed numeric value encountered in /home/atleti00/atletik.in.ua/www/system/library/mpdf/mpdf.php on line 19269
2024-03-24 15:42:12 - PHP Notice:  A non well formed numeric value encountered in /home/atleti00/atletik.in.ua/www/system/library/mpdf/mpdf.php on line 12104
2024-03-24 15:42:12 - PHP Notice:  A non well formed numeric value encountered in /home/atleti00/atletik.in.ua/www/system/library/mpdf/mpdf.php on line 12104
2024-03-24 15:42:12 - PHP Notice:  A non well formed numeric value encountered in /home/atleti00/atletik.in.ua/www/system/library/mpdf/mpdf.php on line 31924
2024-03-24 15:42:12 - PHP Notice:  A non well formed numeric value encountered in /home/atleti00/atletik.in.ua/www/system/library/mpdf/mpdf.php on line 31910
2024-03-24 15:42:12 - PHP Notice:  A non well formed numeric value encountered in /home/atleti00/atletik.in.ua/www/system/library/mpdf/mpdf.php on line 31910
2024-03-24 15:42:12 - PHP Notice:  A non well formed numeric value encountered in /home/atleti00/atletik.in.ua/www/system/library/mpdf/mpdf.php on line 19269
2024-03-24 15:42:12 - PHP Notice:  A non well formed numeric value encountered in /home/atleti00/atletik.in.ua/www/system/library/mpdf/mpdf.php on line 31910
2024-03-24 15:42:12 - PHP Notice:  A non well formed numeric value encountered in /home/atleti00/atletik.in.ua/www/system/library/mpdf/mpdf.php on line 31910
2024-03-24 15:42:12 - PHP Notice:  A non well formed numeric value encountered in /home/atleti00/atletik.in.ua/www/system/library/mpdf/mpdf.php on line 19269
2024-03-24 15:42:12 - PHP Notice:  A non well formed numeric value encountered in /home/atleti00/atletik.in.ua/www/system/library/mpdf/mpdf.php on line 31912
2024-03-24 15:42:12 - PHP Notice:  A non well formed numeric value encountered in /home/atleti00/atletik.in.ua/www/system/library/mpdf/mpdf.php on line 31912
2024-03-24 15:42:12 - PHP Notice:  A non well formed numeric value encountered in /home/atleti00/atletik.in.ua/www/system/library/mpdf/mpdf.php on line 12104
2024-03-24 15:42:12 - PHP Notice:  A non well formed numeric value encountered in /home/atleti00/atletik.in.ua/www/system/library/mpdf/mpdf.php on line 12104
2024-03-24 15:42:12 - PHP Notice:  A non well formed numeric value encountered in /home/atleti00/atletik.in.ua/www/system/library/mpdf/mpdf.php on line 12104
2024-03-24 15:42:12 - PHP Notice:  A non well formed numeric value encountered in /home/atleti00/atletik.in.ua/www/system/library/mpdf/mpdf.php on line 12140
2024-03-24 15:42:12 - PHP Notice:  A non well formed numeric value encountered in /home/atleti00/atletik.in.ua/www/system/library/mpdf/mpdf.php on line 12104
2024-03-24 15:42:12 - PHP Notice:  A non well formed numeric value encountered in /home/atleti00/atletik.in.ua/www/system/library/mpdf/mpdf.php on line 12104
2024-03-24 15:42:12 - PHP Notice:  A non well formed numeric value encountered in /home/atleti00/atletik.in.ua/www/system/library/mpdf/mpdf.php on line 31913
2024-03-24 15:42:12 - PHP Notice:  A non well formed numeric value encountered in /home/atleti00/atletik.in.ua/www/system/library/mpdf/mpdf.php on line 31912
2024-03-24 15:42:12 - PHP Notice:  A non well formed numeric value encountered in /home/atleti00/atletik.in.ua/www/system/library/mpdf/mpdf.php on line 31912
2024-03-24 15:42:12 - PHP Notice:  A non well formed numeric value encountered in /home/atleti00/atletik.in.ua/www/system/library/mpdf/mpdf.php on line 31924
2024-03-24 15:42:12 - PHP Notice:  A non well formed numeric value encountered in /home/atleti00/atletik.in.ua/www/system/library/mpdf/mpdf.php on line 31910
2024-03-24 15:42:12 - PHP Notice:  A non well formed numeric value encountered in /home/atleti00/atletik.in.ua/www/system/library/mpdf/mpdf.php on line 31910
2024-03-24 15:42:12 - PHP Notice:  A non well formed numeric value encountered in /home/atleti00/atletik.in.ua/www/system/library/mpdf/mpdf.php on line 31910
2024-03-24 15:42:12 - PHP Notice:  A non well formed numeric value encountered in /home/atleti00/atletik.in.ua/www/system/library/mpdf/mpdf.php on line 31912
2024-03-24 15:42:12 - PHP Notice:  A non well formed numeric value encountered in /home/atleti00/atletik.in.ua/www/system/library/mpdf/mpdf.php on line 12104
2024-03-24 15:42:12 - PHP Notice:  A non well formed numeric value encountered in /home/atleti00/atletik.in.ua/www/system/library/mpdf/mpdf.php on line 12140
2024-03-24 15:42:12 - PHP Notice:  A non well formed numeric value encountered in /home/atleti00/atletik.in.ua/www/system/library/mpdf/mpdf.php on line 31912
2024-03-24 15:42:12 - PHP Notice:  A non well formed numeric value encountered in /home/atleti00/atletik.in.ua/www/system/library/mpdf/mpdf.php on line 12104
2024-03-24 15:42:12 - PHP Notice:  A non well formed numeric value encountered in /home/atleti00/atletik.in.ua/www/system/library/mpdf/mpdf.php on line 12104
2024-03-24 15:42:12 - PHP Notice:  A non well formed numeric value encountered in /home/atleti00/atletik.in.ua/www/system/library/mpdf/mpdf.php on line 31924
2024-03-24 15:42:12 - PHP Notice:  A non well formed numeric value encountered in /home/atleti00/atletik.in.ua/www/system/library/mpdf/mpdf.php on line 31910
2024-03-24 15:42:12 - PHP Notice:  A non well formed numeric value encountered in /home/atleti00/atletik.in.ua/www/system/library/mpdf/mpdf.php on line 31910
2024-03-24 15:42:12 - PHP Notice:  A non well formed numeric value encountered in /home/atleti00/atletik.in.ua/www/system/library/mpdf/mpdf.php on line 31910
2024-03-24 15:42:12 - PHP Notice:  A non well formed numeric value encountered in /home/atleti00/atletik.in.ua/www/system/library/mpdf/mpdf.php on line 31910
2024-03-24 15:42:12 - PHP Notice:  A non well formed numeric value encountered in /home/atleti00/atletik.in.ua/www/system/library/mpdf/mpdf.php on line 31910
2024-03-24 15:42:12 - PHP Notice:  A non well formed numeric value encountered in /home/atleti00/atletik.in.ua/www/system/library/mpdf/mpdf.php on line 31910
2024-03-24 15:42:12 - PHP Notice:  A non well formed numeric value encountered in /home/atleti00/atletik.in.ua/www/system/library/mpdf/mpdf.php on line 31910
2024-03-24 15:42:12 - PHP Notice:  A non well formed numeric value encountered in /home/atleti00/atletik.in.ua/www/system/library/mpdf/mpdf.php on line 31910
2024-03-24 15:42:12 - PHP Notice:  A non well formed numeric value encountered in /home/atleti00/atletik.in.ua/www/system/library/mpdf/mpdf.php on line 31910
2024-03-24 15:42:12 - PHP Notice:  A non well formed numeric value encountered in /home/atleti00/atletik.in.ua/www/system/library/mpdf/mpdf.php on line 31910
2024-03-24 15:42:12 - PHP Notice:  A non well formed numeric value encountered in /home/atleti00/atletik.in.ua/www/system/library/mpdf/mpdf.php on line 31910
2024-03-24 15:42:12 - PHP Notice:  A non well formed numeric value encountered in /home/atleti00/atletik.in.ua/www/system/library/mpdf/mpdf.php on line 31910
2024-03-24 15:42:12 - PHP Notice:  A non well formed numeric value encountered in /home/atleti00/atletik.in.ua/www/system/library/mpdf/mpdf.php on line 31910
2024-03-24 15:42:12 - PHP Notice:  A non well formed numeric value encountered in /home/atleti00/atletik.in.ua/www/system/library/mpdf/mpdf.php on line 31910
2024-03-24 15:42:12 - PHP Notice:  A non well formed numeric value encountered in /home/atleti00/atletik.in.ua/www/system/library/mpdf/mpdf.php on line 31910
2024-03-24 15:42:12 - PHP Notice:  A non well formed numeric value encountered in /home/atleti00/atletik.in.ua/www/system/library/mpdf/mpdf.php on line 31910
2024-03-24 15:42:12 - PHP Notice:  A non well formed numeric value encountered in /home/atleti00/atletik.in.ua/www/system/library/mpdf/mpdf.php on line 31910
2024-03-24 15:42:12 - PHP Notice:  A non well formed numeric value encountered in /home/atleti00/atletik.in.ua/www/system/library/mpdf/mpdf.php on line 31910
2024-03-24 15:42:12 - PHP Notice:  A non well formed numeric value encountered in /home/atleti00/atletik.in.ua/www/system/library/mpdf/mpdf.php on line 31910
2024-03-24 15:42:12 - PHP Notice:  A non well formed numeric value encountered in /home/atleti00/atletik.in.ua/www/system/library/mpdf/mpdf.php on line 31910
2024-03-24 15:42:12 - PHP Notice:  A non well formed numeric value encountered in /home/atleti00/atletik.in.ua/www/system/library/mpdf/mpdf.php on line 31910
2024-03-24 15:42:12 - PHP Notice:  A non well formed numeric value encountered in /home/atleti00/atletik.in.ua/www/system/library/mpdf/mpdf.php on line 31910
2024-03-24 15:42:12 - PHP Notice:  A non well formed numeric value encountered in /home/atleti00/atletik.in.ua/www/system/library/mpdf/mpdf.php on line 31910
2024-03-24 15:42:12 - PHP Notice:  A non well formed numeric value encountered in /home/atleti00/atletik.in.ua/www/system/library/mpdf/mpdf.php on line 31910
2024-03-24 15:42:12 - PHP Notice:  A non well formed numeric value encountered in /home/atleti00/atletik.in.ua/www/system/library/mpdf/mpdf.php on line 31910
2024-03-24 15:42:12 - PHP Notice:  A non well formed numeric value encountered in /home/atleti00/atletik.in.ua/www/system/library/mpdf/mpdf.php on line 31910
2024-03-24 15:42:12 - PHP Notice:  A non well formed numeric value encountered in /home/atleti00/atletik.in.ua/www/system/library/mpdf/mpdf.php on line 31910
2024-03-24 15:42:12 - PHP Notice:  A non well formed numeric value encountered in /home/atleti00/atletik.in.ua/www/system/library/mpdf/mpdf.php on line 31910
2024-03-24 15:42:12 - PHP Notice:  A non well formed numeric value encountered in /home/atleti00/atletik.in.ua/www/system/library/mpdf/mpdf.php on line 31910
2024-03-24 15:42:12 - PHP Notice:  A non well formed numeric value encountered in /home/atleti00/atletik.in.ua/www/system/library/mpdf/mpdf.php on line 31910
2024-03-24 15:42:12 - PHP Notice:  A non well formed numeric value encountered in /home/atleti00/atletik.in.ua/www/system/library/mpdf/mpdf.php on line 31910
2024-03-24 15:42:12 - PHP Notice:  A non well formed numeric value encountered in /home/atleti00/atletik.in.ua/www/system/library/mpdf/mpdf.php on line 31910
2024-03-24 15:42:12 - PHP Notice:  A non well formed numeric value encountered in /home/atleti00/atletik.in.ua/www/system/library/mpdf/mpdf.php on line 31910
2024-03-24 15:42:12 - PHP Notice:  A non well formed numeric value encountered in /home/atleti00/atletik.in.ua/www/system/library/mpdf/mpdf.php on line 31910
2024-03-24 15:42:12 - PHP Notice:  A non well formed numeric value encountered in /home/atleti00/atletik.in.ua/www/system/library/mpdf/mpdf.php on line 31910
2024-03-24 15:42:12 - PHP Notice:  A non well formed numeric value encountered in /home/atleti00/atletik.in.ua/www/system/library/mpdf/mpdf.php on line 31910
2024-03-24 15:42:12 - PHP Notice:  A non well formed numeric value encountered in /home/atleti00/atletik.in.ua/www/system/library/mpdf/mpdf.php on line 31910
2024-03-24 15:42:12 - PHP Notice:  A non well formed numeric value encountered in /home/atleti00/atletik.in.ua/www/system/library/mpdf/mpdf.php on line 31910
2024-03-24 15:42:12 - PHP Notice:  A non well formed numeric value encountered in /home/atleti00/atletik.in.ua/www/system/library/mpdf/mpdf.php on line 31910
2024-03-24 15:42:12 - PHP Notice:  A non well formed numeric value encountered in /home/atleti00/atletik.in.ua/www/system/library/mpdf/mpdf.php on line 31910
2024-03-24 15:42:12 - PHP Notice:  A non well formed numeric value encountered in /home/atleti00/atletik.in.ua/www/system/library/mpdf/mpdf.php on line 31910
2024-03-24 15:42:12 - PHP Notice:  A non well formed numeric value encountered in /home/atleti00/atletik.in.ua/www/system/library/mpdf/mpdf.php on line 31910
2024-03-24 15:42:12 - PHP Notice:  A non well formed numeric value encountered in /home/atleti00/atletik.in.ua/www/system/library/mpdf/mpdf.php on line 31910
2024-03-24 15:42:12 - PHP Notice:  A non well formed numeric value encountered in /home/atleti00/atletik.in.ua/www/system/library/mpdf/mpdf.php on line 31910
2024-03-24 15:42:12 - PHP Notice:  A non well formed numeric value encountered in /home/atleti00/atletik.in.ua/www/system/library/mpdf/mpdf.php on line 31910
2024-03-24 15:42:12 - PHP Notice:  A non well formed numeric value encountered in /home/atleti00/atletik.in.ua/www/system/library/mpdf/mpdf.php on line 31910
2024-03-24 15:42:12 - PHP Notice:  A non well formed numeric value encountered in /home/atleti00/atletik.in.ua/www/system/library/mpdf/mpdf.php on line 31910
2024-03-24 15:42:12 - PHP Notice:  A non well formed numeric value encountered in /home/atleti00/atletik.in.ua/www/system/library/mpdf/mpdf.php on line 31910
2024-03-24 15:42:12 - PHP Notice:  A non well formed numeric value encountered in /home/atleti00/atletik.in.ua/www/system/library/mpdf/mpdf.php on line 31910
2024-03-24 15:42:12 - PHP Notice:  A non well formed numeric value encountered in /home/atleti00/atletik.in.ua/www/system/library/mpdf/mpdf.php on line 31910
2024-03-24 15:42:12 - PHP Notice:  A non well formed numeric value encountered in /home/atleti00/atletik.in.ua/www/system/library/mpdf/mpdf.php on line 31910
2024-03-24 15:42:12 - PHP Notice:  A non well formed numeric value encountered in /home/atleti00/atletik.in.ua/www/system/library/mpdf/mpdf.php on line 31910
2024-03-24 15:42:12 - PHP Notice:  A non well formed numeric value encountered in /home/atleti00/atletik.in.ua/www/system/library/mpdf/mpdf.php on line 31910
2024-03-24 15:42:12 - PHP Notice:  A non well formed numeric value encountered in /home/atleti00/atletik.in.ua/www/system/library/mpdf/mpdf.php on line 31910
2024-03-24 15:42:12 - PHP Notice:  A non well formed numeric value encountered in /home/atleti00/atletik.in.ua/www/system/library/mpdf/mpdf.php on line 31910
2024-03-24 15:42:12 - PHP Notice:  A non well formed numeric value encountered in /home/atleti00/atletik.in.ua/www/system/library/mpdf/mpdf.php on line 31910
2024-03-24 15:42:12 - PHP Notice:  A non well formed numeric value encountered in /home/atleti00/atletik.in.ua/www/system/library/mpdf/mpdf.php on line 31910
2024-03-24 15:42:12 - PHP Notice:  A non well formed numeric value encountered in /home/atleti00/atletik.in.ua/www/system/library/mpdf/mpdf.php on line 31910
2024-03-24 15:42:12 - PHP Notice:  A non well formed numeric value encountered in /home/atleti00/atletik.in.ua/www/system/library/mpdf/mpdf.php on line 31910
2024-03-24 15:42:12 - PHP Notice:  A non well formed numeric value encountered in /home/atleti00/atletik.in.ua/www/system/library/mpdf/mpdf.php on line 31910
2024-03-24 15:42:12 - PHP Notice:  A non well formed numeric value encountered in /home/atleti00/atletik.in.ua/www/system/library/mpdf/mpdf.php on line 31910
2024-03-24 15:42:12 - PHP Notice:  A non well formed numeric value encountered in /home/atleti00/atletik.in.ua/www/system/library/mpdf/mpdf.php on line 31910
2024-03-24 15:42:12 - PHP Notice:  A non well formed numeric value encountered in /home/atleti00/atletik.in.ua/www/system/library/mpdf/mpdf.php on line 31910
2024-03-24 15:42:12 - PHP Notice:  A non well formed numeric value encountered in /home/atleti00/atletik.in.ua/www/system/library/mpdf/mpdf.php on line 31910
2024-03-24 15:42:12 - PHP Notice:  A non well formed numeric value encountered in /home/atleti00/atletik.in.ua/www/system/library/mpdf/mpdf.php on line 31910
2024-03-24 15:42:12 - PHP Notice:  A non well formed numeric value encountered in /home/atleti00/atletik.in.ua/www/system/library/mpdf/mpdf.php on line 31910
2024-03-24 15:42:12 - PHP Notice:  A non well formed numeric value encountered in /home/atleti00/atletik.in.ua/www/system/library/mpdf/mpdf.php on line 31910
2024-03-24 15:42:12 - PHP Notice:  A non well formed numeric value encountered in /home/atleti00/atletik.in.ua/www/system/library/mpdf/mpdf.php on line 31910
2024-03-24 15:42:12 - PHP Notice:  A non well formed numeric value encountered in /home/atleti00/atletik.in.ua/www/system/library/mpdf/mpdf.php on line 31910
2024-03-24 15:42:12 - PHP Notice:  A non well formed numeric value encountered in /home/atleti00/atletik.in.ua/www/system/library/mpdf/mpdf.php on line 31910
2024-03-24 15:42:12 - PHP Notice:  A non well formed numeric value encountered in /home/atleti00/atletik.in.ua/www/system/library/mpdf/mpdf.php on line 31910
2024-03-24 15:42:12 - PHP Notice:  A non well formed numeric value encountered in /home/atleti00/atletik.in.ua/www/system/library/mpdf/mpdf.php on line 31910
2024-03-24 15:42:12 - PHP Notice:  A non well formed numeric value encountered in /home/atleti00/atletik.in.ua/www/system/library/mpdf/mpdf.php on line 31910
2024-03-24 15:42:12 - PHP Notice:  A non well formed numeric value encountered in /home/atleti00/atletik.in.ua/www/system/library/mpdf/mpdf.php on line 31910
2024-03-24 15:42:12 - PHP Notice:  A non well formed numeric value encountered in /home/atleti00/atletik.in.ua/www/system/library/mpdf/mpdf.php on line 31910
2024-03-24 15:42:12 - PHP Notice:  A non well formed numeric value encountered in /home/atleti00/atletik.in.ua/www/system/library/mpdf/mpdf.php on line 31910
2024-03-24 15:42:12 - PHP Notice:  A non well formed numeric value encountered in /home/atleti00/atletik.in.ua/www/system/library/mpdf/mpdf.php on line 31910
2024-03-24 15:42:12 - PHP Notice:  A non well formed numeric value encountered in /home/atleti00/atletik.in.ua/www/system/library/mpdf/mpdf.php on line 31910
2024-03-24 15:42:12 - PHP Notice:  A non well formed numeric value encountered in /home/atleti00/atletik.in.ua/www/system/library/mpdf/mpdf.php on line 31910
2024-03-24 15:42:12 - PHP Notice:  A non well formed numeric value encountered in /home/atleti00/atletik.in.ua/www/system/library/mpdf/mpdf.php on line 31910
2024-03-24 15:42:12 - PHP Notice:  A non well formed numeric value encountered in /home/atleti00/atletik.in.ua/www/system/library/mpdf/mpdf.php on line 31910
2024-03-24 15:42:12 - PHP Notice:  A non well formed numeric value encountered in /home/atleti00/atletik.in.ua/www/system/library/mpdf/mpdf.php on line 31910
2024-03-24 15:42:12 - PHP Notice:  A non well formed numeric value encountered in /home/atleti00/atletik.in.ua/www/system/library/mpdf/mpdf.php on line 31910
2024-03-24 15:42:12 - PHP Notice:  A non well formed numeric value encountered in /home/atleti00/atletik.in.ua/www/system/library/mpdf/mpdf.php on line 31910
2024-03-24 15:42:12 - PHP Notice:  A non well formed numeric value encountered in /home/atleti00/atletik.in.ua/www/system/library/mpdf/mpdf.php on line 31910
2024-03-24 15:42:12 - PHP Notice:  A non well formed numeric value encountered in /home/atleti00/atletik.in.ua/www/system/library/mpdf/mpdf.php on line 31910
2024-03-24 15:42:12 - PHP Notice:  A non well formed numeric value encountered in /home/atleti00/atletik.in.ua/www/system/library/mpdf/mpdf.php on line 31910
2024-03-24 15:42:12 - PHP Notice:  A non well formed numeric value encountered in /home/atleti00/atletik.in.ua/www/system/library/mpdf/mpdf.php on line 31910
2024-03-24 15:42:12 - PHP Notice:  A non well formed numeric value encountered in /home/atleti00/atletik.in.ua/www/system/library/mpdf/mpdf.php on line 31910
2024-03-24 15:42:12 - PHP Notice:  A non well formed numeric value encountered in /home/atleti00/atletik.in.ua/www/system/library/mpdf/mpdf.php on line 31910
2024-03-24 15:42:12 - PHP Notice:  A non well formed numeric value encountered in /home/atleti00/atletik.in.ua/www/system/library/mpdf/mpdf.php on line 31910
2024-03-24 15:42:12 - PHP Notice:  A non well formed numeric value encountered in /home/atleti00/atletik.in.ua/www/system/library/mpdf/mpdf.php on line 31910
2024-03-24 15:42:12 - PHP Notice:  A non well formed numeric value encountered in /home/atleti00/atletik.in.ua/www/system/library/mpdf/mpdf.php on line 31910
2024-03-24 15:42:12 - PHP Notice:  A non well formed numeric value encountered in /home/atleti00/atletik.in.ua/www/system/library/mpdf/mpdf.php on line 31910
2024-03-24 15:42:12 - PHP Notice:  A non well formed numeric value encountered in /home/atleti00/atletik.in.ua/www/system/library/mpdf/mpdf.php on line 31910
2024-03-24 15:42:12 - PHP Notice:  A non well formed numeric value encountered in /home/atleti00/atletik.in.ua/www/system/library/mpdf/mpdf.php on line 31910
2024-03-24 15:42:12 - PHP Notice:  A non well formed numeric value encountered in /home/atleti00/atletik.in.ua/www/system/library/mpdf/mpdf.php on line 31910
2024-03-24 15:42:12 - PHP Notice:  A non well formed numeric value encountered in /home/atleti00/atletik.in.ua/www/system/library/mpdf/mpdf.php on line 31910
2024-03-24 15:42:12 - PHP Notice:  A non well formed numeric value encountered in /home/atleti00/atletik.in.ua/www/system/library/mpdf/mpdf.php on line 31910
2024-03-24 15:42:12 - PHP Notice:  A non well formed numeric value encountered in /home/atleti00/atletik.in.ua/www/system/library/mpdf/mpdf.php on line 31910
2024-03-24 15:42:12 - PHP Notice:  A non well formed numeric value encountered in /home/atleti00/atletik.in.ua/www/system/library/mpdf/mpdf.php on line 31910
2024-03-24 15:42:12 - PHP Notice:  A non well formed numeric value encountered in /home/atleti00/atletik.in.ua/www/system/library/mpdf/mpdf.php on line 31910
2024-03-24 15:42:12 - PHP Notice:  A non well formed numeric value encountered in /home/atleti00/atletik.in.ua/www/system/library/mpdf/mpdf.php on line 31910
2024-03-24 15:42:12 - PHP Notice:  A non well formed numeric value encountered in /home/atleti00/atletik.in.ua/www/system/library/mpdf/mpdf.php on line 31910
2024-03-24 15:42:12 - PHP Notice:  A non well formed numeric value encountered in /home/atleti00/atletik.in.ua/www/system/library/mpdf/mpdf.php on line 31910
2024-03-24 15:42:12 - PHP Notice:  A non well formed numeric value encountered in /home/atleti00/atletik.in.ua/www/system/library/mpdf/mpdf.php on line 31910
2024-03-24 15:42:12 - PHP Notice:  A non well formed numeric value encountered in /home/atleti00/atletik.in.ua/www/system/library/mpdf/mpdf.php on line 31910
2024-03-24 15:42:12 - PHP Notice:  A non well formed numeric value encountered in /home/atleti00/atletik.in.ua/www/system/library/mpdf/mpdf.php on line 31910
2024-03-24 15:42:12 - PHP Notice:  A non well formed numeric value encountered in /home/atleti00/atletik.in.ua/www/system/library/mpdf/mpdf.php on line 31910
2024-03-24 15:42:12 - PHP Notice:  A non well formed numeric value encountered in /home/atleti00/atletik.in.ua/www/system/library/mpdf/mpdf.php on line 31910
2024-03-24 15:42:12 - PHP Notice:  A non well formed numeric value encountered in /home/atleti00/atletik.in.ua/www/system/library/mpdf/mpdf.php on line 31910
2024-03-24 15:42:12 - PHP Notice:  A non well formed numeric value encountered in /home/atleti00/atletik.in.ua/www/system/library/mpdf/mpdf.php on line 31910
2024-03-24 15:42:12 - PHP Notice:  A non well formed numeric value encountered in /home/atleti00/atletik.in.ua/www/system/library/mpdf/mpdf.php on line 31910
2024-03-24 15:42:12 - PHP Notice:  A non well formed numeric value encountered in /home/atleti00/atletik.in.ua/www/system/library/mpdf/mpdf.php on line 31910
2024-03-24 15:42:12 - PHP Notice:  A non well formed numeric value encountered in /home/atleti00/atletik.in.ua/www/system/library/mpdf/mpdf.php on line 31910
2024-03-24 15:42:12 - PHP Notice:  A non well formed numeric value encountered in /home/atleti00/atletik.in.ua/www/system/library/mpdf/mpdf.php on line 31910
2024-03-24 15:42:12 - PHP Notice:  A non well formed numeric value encountered in /home/atleti00/atletik.in.ua/www/system/library/mpdf/mpdf.php on line 31910
2024-03-24 15:42:12 - PHP Notice:  A non well formed numeric value encountered in /home/atleti00/atletik.in.ua/www/system/library/mpdf/mpdf.php on line 31910
2024-03-24 15:42:12 - PHP Notice:  A non well formed numeric value encountered in /home/atleti00/atletik.in.ua/www/system/library/mpdf/mpdf.php on line 31910
2024-03-24 15:42:12 - PHP Notice:  A non well formed numeric value encountered in /home/atleti00/atletik.in.ua/www/system/library/mpdf/mpdf.php on line 31910
2024-03-24 15:42:12 - PHP Notice:  A non well formed numeric value encountered in /home/atleti00/atletik.in.ua/www/system/library/mpdf/mpdf.php on line 31910
2024-03-24 15:42:12 - PHP Notice:  A non well formed numeric value encountered in /home/atleti00/atletik.in.ua/www/system/library/mpdf/mpdf.php on line 31910
2024-03-24 15:42:12 - PHP Notice:  A non well formed numeric value encountered in /home/atleti00/atletik.in.ua/www/system/library/mpdf/mpdf.php on line 31910
2024-03-24 15:42:12 - PHP Notice:  A non well formed numeric value encountered in /home/atleti00/atletik.in.ua/www/system/library/mpdf/mpdf.php on line 31910
2024-03-24 15:42:12 - PHP Notice:  A non well formed numeric value encountered in /home/atleti00/atletik.in.ua/www/system/library/mpdf/mpdf.php on line 31910
2024-03-24 15:42:12 - PHP Notice:  A non well formed numeric value encountered in /home/atleti00/atletik.in.ua/www/system/library/mpdf/mpdf.php on line 31910
2024-03-24 15:42:12 - PHP Notice:  A non well formed numeric value encountered in /home/atleti00/atletik.in.ua/www/system/library/mpdf/mpdf.php on line 31910
2024-03-24 15:42:12 - PHP Notice:  A non well formed numeric value encountered in /home/atleti00/atletik.in.ua/www/system/library/mpdf/mpdf.php on line 31910
2024-03-24 15:42:12 - PHP Notice:  A non well formed numeric value encountered in /home/atleti00/atletik.in.ua/www/system/library/mpdf/mpdf.php on line 31910
2024-03-24 15:42:12 - PHP Notice:  A non well formed numeric value encountered in /home/atleti00/atletik.in.ua/www/system/library/mpdf/mpdf.php on line 31910
2024-03-24 15:42:12 - PHP Notice:  A non well formed numeric value encountered in /home/atleti00/atletik.in.ua/www/system/library/mpdf/mpdf.php on line 31910
2024-03-24 15:42:12 - PHP Notice:  A non well formed numeric value encountered in /home/atleti00/atletik.in.ua/www/system/library/mpdf/mpdf.php on line 31910
2024-03-24 15:42:12 - PHP Notice:  A non well formed numeric value encountered in /home/atleti00/atletik.in.ua/www/system/library/mpdf/mpdf.php on line 31910
2024-03-24 15:42:12 - PHP Notice:  A non well formed numeric value encountered in /home/atleti00/atletik.in.ua/www/system/library/mpdf/mpdf.php on line 31910
2024-03-24 15:42:12 - PHP Notice:  A non well formed numeric value encountered in /home/atleti00/atletik.in.ua/www/system/library/mpdf/mpdf.php on line 31910
2024-03-24 15:42:12 - PHP Notice:  A non well formed numeric value encountered in /home/atleti00/atletik.in.ua/www/system/library/mpdf/mpdf.php on line 31910
2024-03-24 15:42:12 - PHP Notice:  A non well formed numeric value encountered in /home/atleti00/atletik.in.ua/www/system/library/mpdf/mpdf.php on line 31910
2024-03-24 15:42:12 - PHP Notice:  A non well formed numeric value encountered in /home/atleti00/atletik.in.ua/www/system/library/mpdf/mpdf.php on line 31910
2024-03-24 15:42:12 - PHP Notice:  A non well formed numeric value encountered in /home/atleti00/atletik.in.ua/www/system/library/mpdf/mpdf.php on line 31910
2024-03-24 15:42:12 - PHP Notice:  A non well formed numeric value encountered in /home/atleti00/atletik.in.ua/www/system/library/mpdf/mpdf.php on line 31910
2024-03-24 15:42:12 - PHP Notice:  A non well formed numeric value encountered in /home/atleti00/atletik.in.ua/www/system/library/mpdf/mpdf.php on line 31910
2024-03-24 15:42:12 - PHP Notice:  A non well formed numeric value encountered in /home/atleti00/atletik.in.ua/www/system/library/mpdf/mpdf.php on line 31910
2024-03-24 15:42:12 - PHP Notice:  A non well formed numeric value encountered in /home/atleti00/atletik.in.ua/www/system/library/mpdf/mpdf.php on line 31910
2024-03-24 15:42:12 - PHP Notice:  A non well formed numeric value encountered in /home/atleti00/atletik.in.ua/www/system/library/mpdf/mpdf.php on line 31910
2024-03-24 15:42:12 - PHP Notice:  A non well formed numeric value encountered in /home/atleti00/atletik.in.ua/www/system/library/mpdf/mpdf.php on line 31910
2024-03-24 15:42:12 - PHP Notice:  A non well formed numeric value encountered in /home/atleti00/atletik.in.ua/www/system/library/mpdf/mpdf.php on line 31910
2024-03-24 15:42:12 - PHP Notice:  A non well formed numeric value encountered in /home/atleti00/atletik.in.ua/www/system/library/mpdf/mpdf.php on line 31910
2024-03-24 15:42:12 - PHP Notice:  A non well formed numeric value encountered in /home/atleti00/atletik.in.ua/www/system/library/mpdf/mpdf.php on line 31910
2024-03-24 15:42:12 - PHP Notice:  A non well formed numeric value encountered in /home/atleti00/atletik.in.ua/www/system/library/mpdf/mpdf.php on line 31910
2024-03-24 15:42:12 - PHP Notice:  A non well formed numeric value encountered in /home/atleti00/atletik.in.ua/www/system/library/mpdf/mpdf.php on line 31910
2024-03-24 15:42:12 - PHP Notice:  A non well formed numeric value encountered in /home/atleti00/atletik.in.ua/www/system/library/mpdf/mpdf.php on line 31910
2024-03-24 15:42:12 - PHP Notice:  A non well formed numeric value encountered in /home/atleti00/atletik.in.ua/www/system/library/mpdf/mpdf.php on line 31910
2024-03-24 15:42:12 - PHP Notice:  A non well formed numeric value encountered in /home/atleti00/atletik.in.ua/www/system/library/mpdf/mpdf.php on line 31910
2024-03-24 15:42:12 - PHP Notice:  A non well formed numeric value encountered in /home/atleti00/atletik.in.ua/www/system/library/mpdf/mpdf.php on line 31910
2024-03-24 15:42:12 - PHP Notice:  A non well formed numeric value encountered in /home/atleti00/atletik.in.ua/www/system/library/mpdf/mpdf.php on line 31910
2024-03-24 15:42:12 - PHP Notice:  A non well formed numeric value encountered in /home/atleti00/atletik.in.ua/www/system/library/mpdf/mpdf.php on line 31910
2024-03-24 15:42:12 - PHP Notice:  A non well formed numeric value encountered in /home/atleti00/atletik.in.ua/www/system/library/mpdf/mpdf.php on line 31910
2024-03-24 15:42:12 - PHP Notice:  A non well formed numeric value encountered in /home/atleti00/atletik.in.ua/www/system/library/mpdf/mpdf.php on line 31910
2024-03-24 15:42:12 - PHP Notice:  A non well formed numeric value encountered in /home/atleti00/atletik.in.ua/www/system/library/mpdf/mpdf.php on line 31910
2024-03-24 15:42:12 - PHP Notice:  A non well formed numeric value encountered in /home/atleti00/atletik.in.ua/www/system/library/mpdf/mpdf.php on line 31910
2024-03-24 15:42:12 - PHP Notice:  A non well formed numeric value encountered in /home/atleti00/atletik.in.ua/www/system/library/mpdf/mpdf.php on line 31910
2024-03-24 15:42:12 - PHP Notice:  A non well formed numeric value encountered in /home/atleti00/atletik.in.ua/www/system/library/mpdf/mpdf.php on line 31910
2024-03-24 15:42:12 - PHP Notice:  A non well formed numeric value encountered in /home/atleti00/atletik.in.ua/www/system/library/mpdf/mpdf.php on line 31910
2024-03-24 15:42:12 - PHP Notice:  A non well formed numeric value encountered in /home/atleti00/atletik.in.ua/www/system/library/mpdf/mpdf.php on line 31910
2024-03-24 15:42:12 - PHP Notice:  A non well formed numeric value encountered in /home/atleti00/atletik.in.ua/www/system/library/mpdf/mpdf.php on line 31910
2024-03-24 15:42:12 - PHP Notice:  A non well formed numeric value encountered in /home/atleti00/atletik.in.ua/www/system/library/mpdf/mpdf.php on line 31910
2024-03-24 15:42:12 - PHP Notice:  A non well formed numeric value encountered in /home/atleti00/atletik.in.ua/www/system/library/mpdf/mpdf.php on line 31910
2024-03-24 15:42:12 - PHP Notice:  A non well formed numeric value encountered in /home/atleti00/atletik.in.ua/www/system/library/mpdf/mpdf.php on line 31910
2024-03-24 15:42:12 - PHP Notice:  A non well formed numeric value encountered in /home/atleti00/atletik.in.ua/www/system/library/mpdf/mpdf.php on line 31910
2024-03-24 15:42:12 - PHP Notice:  A non well formed numeric value encountered in /home/atleti00/atletik.in.ua/www/system/library/mpdf/mpdf.php on line 31910
2024-03-24 15:42:12 - PHP Notice:  A non well formed numeric value encountered in /home/atleti00/atletik.in.ua/www/system/library/mpdf/mpdf.php on line 31910
2024-03-24 15:42:12 - PHP Notice:  A non well formed numeric value encountered in /home/atleti00/atletik.in.ua/www/system/library/mpdf/mpdf.php on line 31910
2024-03-24 15:42:12 - PHP Notice:  A non well formed numeric value encountered in /home/atleti00/atletik.in.ua/www/system/library/mpdf/mpdf.php on line 31910
2024-03-24 15:42:12 - PHP Notice:  A non well formed numeric value encountered in /home/atleti00/atletik.in.ua/www/system/library/mpdf/mpdf.php on line 31910
2024-03-24 15:42:12 - PHP Notice:  A non well formed numeric value encountered in /home/atleti00/atletik.in.ua/www/system/library/mpdf/mpdf.php on line 31910
2024-03-24 15:42:12 - PHP Notice:  A non well formed numeric value encountered in /home/atleti00/atletik.in.ua/www/system/library/mpdf/mpdf.php on line 31910
2024-03-24 15:42:12 - PHP Notice:  A non well formed numeric value encountered in /home/atleti00/atletik.in.ua/www/system/library/mpdf/mpdf.php on line 31910
2024-03-24 15:42:12 - PHP Notice:  A non well formed numeric value encountered in /home/atleti00/atletik.in.ua/www/system/library/mpdf/mpdf.php on line 31910
2024-03-24 15:42:12 - PHP Notice:  A non well formed numeric value encountered in /home/atleti00/atletik.in.ua/www/system/library/mpdf/mpdf.php on line 31910
2024-03-24 15:42:12 - PHP Notice:  A non well formed numeric value encountered in /home/atleti00/atletik.in.ua/www/system/library/mpdf/mpdf.php on line 31910
2024-03-24 15:42:12 - PHP Notice:  A non well formed numeric value encountered in /home/atleti00/atletik.in.ua/www/system/library/mpdf/mpdf.php on line 31910
2024-03-24 15:42:12 - PHP Notice:  A non well formed numeric value encountered in /home/atleti00/atletik.in.ua/www/system/library/mpdf/mpdf.php on line 31910
2024-03-24 15:42:12 - PHP Notice:  A non well formed numeric value encountered in /home/atleti00/atletik.in.ua/www/system/library/mpdf/mpdf.php on line 31910
2024-03-24 15:42:12 - PHP Notice:  A non well formed numeric value encountered in /home/atleti00/atletik.in.ua/www/system/library/mpdf/mpdf.php on line 31910
2024-03-24 15:42:12 - PHP Notice:  A non well formed numeric value encountered in /home/atleti00/atletik.in.ua/www/system/library/mpdf/mpdf.php on line 31910
2024-03-24 15:42:12 - PHP Notice:  A non well formed numeric value encountered in /home/atleti00/atletik.in.ua/www/system/library/mpdf/mpdf.php on line 31910
2024-03-24 15:42:12 - PHP Notice:  A non well formed numeric value encountered in /home/atleti00/atletik.in.ua/www/system/library/mpdf/mpdf.php on line 31910
2024-03-24 15:42:12 - PHP Notice:  A non well formed numeric value encountered in /home/atleti00/atletik.in.ua/www/system/library/mpdf/mpdf.php on line 31910
2024-03-24 15:42:12 - PHP Notice:  A non well formed numeric value encountered in /home/atleti00/atletik.in.ua/www/system/library/mpdf/mpdf.php on line 31910
2024-03-24 15:42:12 - PHP Notice:  A non well formed numeric value encountered in /home/atleti00/atletik.in.ua/www/system/library/mpdf/mpdf.php on line 31910
2024-03-24 15:42:12 - PHP Notice:  A non well formed numeric value encountered in /home/atleti00/atletik.in.ua/www/system/library/mpdf/mpdf.php on line 31910
2024-03-24 15:42:12 - PHP Notice:  A non well formed numeric value encountered in /home/atleti00/atletik.in.ua/www/system/library/mpdf/mpdf.php on line 31910
2024-03-24 15:42:12 - PHP Notice:  A non well formed numeric value encountered in /home/atleti00/atletik.in.ua/www/system/library/mpdf/mpdf.php on line 31910
2024-03-24 15:42:12 - PHP Notice:  A non well formed numeric value encountered in /home/atleti00/atletik.in.ua/www/system/library/mpdf/mpdf.php on line 31910
2024-03-24 15:42:12 - PHP Notice:  A non well formed numeric value encountered in /home/atleti00/atletik.in.ua/www/system/library/mpdf/mpdf.php on line 31910
2024-03-24 15:42:12 - PHP Notice:  A non well formed numeric value encountered in /home/atleti00/atletik.in.ua/www/system/library/mpdf/mpdf.php on line 31910
2024-03-24 15:42:12 - PHP Notice:  A non well formed numeric value encountered in /home/atleti00/atletik.in.ua/www/system/library/mpdf/mpdf.php on line 31910
2024-03-24 15:42:12 - PHP Notice:  A non well formed numeric value encountered in /home/atleti00/atletik.in.ua/www/system/library/mpdf/mpdf.php on line 31910
2024-03-24 15:42:12 - PHP Notice:  A non well formed numeric value encountered in /home/atleti00/atletik.in.ua/www/system/library/mpdf/mpdf.php on line 31910
2024-03-24 15:42:12 - PHP Notice:  A non well formed numeric value encountered in /home/atleti00/atletik.in.ua/www/system/library/mpdf/mpdf.php on line 31910
2024-03-24 15:42:12 - PHP Notice:  A non well formed numeric value encountered in /home/atleti00/atletik.in.ua/www/system/library/mpdf/mpdf.php on line 12104
2024-03-24 15:42:12 - PHP Notice:  A non well formed numeric value encountered in /home/atleti00/atletik.in.ua/www/system/library/mpdf/mpdf.php on line 12104
2024-03-24 15:42:12 - PHP Notice:  A non well formed numeric value encountered in /home/atleti00/atletik.in.ua/www/system/library/mpdf/mpdf.php on line 12104
2024-03-24 15:42:12 - PHP Notice:  A non well formed numeric value encountered in /home/atleti00/atletik.in.ua/www/system/library/mpdf/mpdf.php on line 12140
2024-03-24 15:42:12 - PHP Notice:  A non well formed numeric value encountered in /home/atleti00/atletik.in.ua/www/system/library/mpdf/mpdf.php on line 12104
2024-03-24 15:42:12 - PHP Notice:  A non well formed numeric value encountered in /home/atleti00/atletik.in.ua/www/system/library/mpdf/mpdf.php on line 12104
2024-03-24 15:42:12 - PHP Notice:  A non well formed numeric value encountered in /home/atleti00/atletik.in.ua/www/system/library/mpdf/mpdf.php on line 31913
2024-03-24 15:42:12 - PHP Notice:  A non well formed numeric value encountered in /home/atleti00/atletik.in.ua/www/system/library/mpdf/mpdf.php on line 31912
2024-03-24 15:42:12 - PHP Notice:  A non well formed numeric value encountered in /home/atleti00/atletik.in.ua/www/system/library/mpdf/mpdf.php on line 31912
2024-03-24 15:42:12 - PHP Notice:  A non well formed numeric value encountered in /home/atleti00/atletik.in.ua/www/system/library/mpdf/mpdf.php on line 31924
2024-03-24 15:42:12 - PHP Notice:  A non well formed numeric value encountered in /home/atleti00/atletik.in.ua/www/system/library/mpdf/mpdf.php on line 31910
2024-03-24 15:42:12 - PHP Notice:  A non well formed numeric value encountered in /home/atleti00/atletik.in.ua/www/system/library/mpdf/mpdf.php on line 31910
2024-03-24 15:42:12 - PHP Notice:  A non well formed numeric value encountered in /home/atleti00/atletik.in.ua/www/system/library/mpdf/mpdf.php on line 31910
2024-03-24 15:42:12 - PHP Notice:  A non well formed numeric value encountered in /home/atleti00/atletik.in.ua/www/system/library/mpdf/mpdf.php on line 31912
2024-03-24 15:42:12 - PHP Notice:  A non well formed numeric value encountered in /home/atleti00/atletik.in.ua/www/system/library/mpdf/mpdf.php on line 12104
2024-03-24 15:42:12 - PHP Notice:  A non well formed numeric value encountered in /home/atleti00/atletik.in.ua/www/system/library/mpdf/mpdf.php on line 12140
2024-03-24 15:42:12 - PHP Notice:  A non well formed numeric value encountered in /home/atleti00/atletik.in.ua/www/system/library/mpdf/mpdf.php on line 31912
2024-03-24 15:42:12 - PHP Notice:  A non well formed numeric value encountered in /home/atleti00/atletik.in.ua/www/system/library/mpdf/mpdf.php on line 12104
2024-03-24 15:42:12 - PHP Notice:  A non well formed numeric value encountered in /home/atleti00/atletik.in.ua/www/system/library/mpdf/mpdf.php on line 12104
2024-03-24 15:42:12 - PHP Notice:  A non well formed numeric value encountered in /home/atleti00/atletik.in.ua/www/system/library/mpdf/mpdf.php on line 31924
2024-03-24 15:42:12 - PHP Notice:  A non well formed numeric value encountered in /home/atleti00/atletik.in.ua/www/system/library/mpdf/mpdf.php on line 31912
2024-03-24 15:42:12 - PHP Notice:  A non well formed numeric value encountered in /home/atleti00/atletik.in.ua/www/system/library/mpdf/mpdf.php on line 19269
2024-03-24 15:42:12 - PHP Notice:  A non well formed numeric value encountered in /home/atleti00/atletik.in.ua/www/system/library/mpdf/mpdf.php on line 31912
2024-03-24 15:42:12 - PHP Notice:  A non well formed numeric value encountered in /home/atleti00/atletik.in.ua/www/system/library/mpdf/mpdf.php on line 31910
2024-03-24 15:42:12 - PHP Notice:  A non well formed numeric value encountered in /home/atleti00/atletik.in.ua/www/system/library/mpdf/mpdf.php on line 31910
2024-03-24 15:42:12 - PHP Notice:  A non well formed numeric value encountered in /home/atleti00/atletik.in.ua/www/system/library/mpdf/mpdf.php on line 31910
2024-03-24 15:42:12 - PHP Notice:  A non well formed numeric value encountered in /home/atleti00/atletik.in.ua/www/system/library/mpdf/mpdf.php on line 31910
2024-03-24 15:42:12 - PHP Notice:  A non well formed numeric value encountered in /home/atleti00/atletik.in.ua/www/system/library/mpdf/mpdf.php on line 19269
2024-03-24 15:42:12 - PHP Notice:  A non well formed numeric value encountered in /home/atleti00/atletik.in.ua/www/system/library/mpdf/mpdf.php on line 31910
2024-03-24 15:42:12 - PHP Notice:  A non well formed numeric value encountered in /home/atleti00/atletik.in.ua/www/system/library/mpdf/mpdf.php on line 31910
2024-03-24 15:42:12 - PHP Notice:  A non well formed numeric value encountered in /home/atleti00/atletik.in.ua/www/system/library/mpdf/mpdf.php on line 18824
2024-03-24 15:42:12 - PHP Notice:  A non well formed numeric value encountered in /home/atleti00/atletik.in.ua/www/system/library/mpdf/mpdf.php on line 31910
2024-03-24 15:42:12 - PHP Notice:  A non well formed numeric value encountered in /home/atleti00/atletik.in.ua/www/system/library/mpdf/mpdf.php on line 31910
2024-03-24 15:42:12 - PHP Notice:  A non well formed numeric value encountered in /home/atleti00/atletik.in.ua/www/system/library/mpdf/mpdf.php on line 31910
2024-03-24 15:42:12 - PHP Notice:  A non well formed numeric value encountered in /home/atleti00/atletik.in.ua/www/system/library/mpdf/mpdf.php on line 31910
2024-03-24 15:42:12 - PHP Notice:  A non well formed numeric value encountered in /home/atleti00/atletik.in.ua/www/system/library/mpdf/mpdf.php on line 31910
2024-03-24 15:42:12 - PHP Notice:  A non well formed numeric value encountered in /home/atleti00/atletik.in.ua/www/system/library/mpdf/mpdf.php on line 31910
2024-03-24 15:42:12 - PHP Notice:  A non well formed numeric value encountered in /home/atleti00/atletik.in.ua/www/system/library/mpdf/mpdf.php on line 31910
2024-03-24 15:42:12 - PHP Notice:  A non well formed numeric value encountered in /home/atleti00/atletik.in.ua/www/system/library/mpdf/mpdf.php on line 31910
2024-03-24 15:42:12 - PHP Notice:  A non well formed numeric value encountered in /home/atleti00/atletik.in.ua/www/system/library/mpdf/mpdf.php on line 31910
2024-03-24 15:42:12 - PHP Notice:  A non well formed numeric value encountered in /home/atleti00/atletik.in.ua/www/system/library/mpdf/mpdf.php on line 31910
2024-03-24 15:42:12 - PHP Notice:  A non well formed numeric value encountered in /home/atleti00/atletik.in.ua/www/system/library/mpdf/mpdf.php on line 31910
2024-03-24 15:42:12 - PHP Notice:  A non well formed numeric value encountered in /home/atleti00/atletik.in.ua/www/system/library/mpdf/mpdf.php on line 31910
2024-03-24 15:42:12 - PHP Notice:  A non well formed numeric value encountered in /home/atleti00/atletik.in.ua/www/system/library/mpdf/mpdf.php on line 31910
2024-03-24 15:42:12 - PHP Notice:  A non well formed numeric value encountered in /home/atleti00/atletik.in.ua/www/system/library/mpdf/mpdf.php on line 31910
2024-03-24 15:42:12 - PHP Notice:  A non well formed numeric value encountered in /home/atleti00/atletik.in.ua/www/system/library/mpdf/mpdf.php on line 31910
2024-03-24 15:42:12 - PHP Notice:  A non well formed numeric value encountered in /home/atleti00/atletik.in.ua/www/system/library/mpdf/mpdf.php on line 31910
2024-03-24 15:42:12 - PHP Notice:  A non well formed numeric value encountered in /home/atleti00/atletik.in.ua/www/system/library/mpdf/mpdf.php on line 31910
2024-03-24 15:42:12 - PHP Notice:  A non well formed numeric value encountered in /home/atleti00/atletik.in.ua/www/system/library/mpdf/mpdf.php on line 31910
2024-03-24 15:42:12 - PHP Notice:  A non well formed numeric value encountered in /home/atleti00/atletik.in.ua/www/system/library/mpdf/mpdf.php on line 31910
2024-03-24 15:42:12 - PHP Notice:  A non well formed numeric value encountered in /home/atleti00/atletik.in.ua/www/system/library/mpdf/mpdf.php on line 31910
2024-03-24 15:42:12 - PHP Notice:  A non well formed numeric value encountered in /home/atleti00/atletik.in.ua/www/system/library/mpdf/mpdf.php on line 31910
2024-03-24 15:42:12 - PHP Notice:  A non well formed numeric value encountered in /home/atleti00/atletik.in.ua/www/system/library/mpdf/mpdf.php on line 31912
2024-03-24 15:42:12 - PHP Notice:  A non well formed numeric value encountered in /home/atleti00/atletik.in.ua/www/system/library/mpdf/mpdf.php on line 12104
2024-03-24 15:42:12 - PHP Notice:  A non well formed numeric value encountered in /home/atleti00/atletik.in.ua/www/system/library/mpdf/mpdf.php on line 12104
2024-03-24 15:42:12 - PHP Notice:  A non well formed numeric value encountered in /home/atleti00/atletik.in.ua/www/system/library/mpdf/mpdf.php on line 12140
2024-03-24 15:42:12 - PHP Notice:  A non well formed numeric value encountered in /home/atleti00/atletik.in.ua/www/system/library/mpdf/mpdf.php on line 12104
2024-03-24 15:42:12 - PHP Notice:  A non well formed numeric value encountered in /home/atleti00/atletik.in.ua/www/system/library/mpdf/mpdf.php on line 12104
2024-03-24 15:42:12 - PHP Notice:  A non well formed numeric value encountered in /home/atleti00/atletik.in.ua/www/system/library/mpdf/mpdf.php on line 12104
2024-03-24 15:42:12 - PHP Notice:  A non well formed numeric value encountered in /home/atleti00/atletik.in.ua/www/system/library/mpdf/mpdf.php on line 12140
2024-03-24 15:42:12 - PHP Notice:  A non well formed numeric value encountered in /home/atleti00/atletik.in.ua/www/system/library/mpdf/mpdf.php on line 12104
2024-03-24 15:42:12 - PHP Notice:  A non well formed numeric value encountered in /home/atleti00/atletik.in.ua/www/system/library/mpdf/mpdf.php on line 12104
2024-03-24 15:42:12 - PHP Notice:  A non well formed numeric value encountered in /home/atleti00/atletik.in.ua/www/system/library/mpdf/mpdf.php on line 31913
2024-03-24 15:42:12 - PHP Notice:  A non well formed numeric value encountered in /home/atleti00/atletik.in.ua/www/system/library/mpdf/mpdf.php on line 31912
2024-03-24 15:42:12 - PHP Notice:  A non well formed numeric value encountered in /home/atleti00/atletik.in.ua/www/system/library/mpdf/mpdf.php on line 31912
2024-03-24 15:42:12 - PHP Notice:  A non well formed numeric value encountered in /home/atleti00/atletik.in.ua/www/system/library/mpdf/mpdf.php on line 31912
2024-03-24 15:42:12 - PHP Notice:  A non well formed numeric value encountered in /home/atleti00/atletik.in.ua/www/system/library/mpdf/mpdf.php on line 12104
2024-03-24 15:42:12 - PHP Notice:  A non well formed numeric value encountered in /home/atleti00/atletik.in.ua/www/system/library/mpdf/mpdf.php on line 12140
2024-03-24 15:42:12 - PHP Notice:  A non well formed numeric value encountered in /home/atleti00/atletik.in.ua/www/system/library/mpdf/mpdf.php on line 31912
2024-03-24 15:42:12 - PHP Notice:  A non well formed numeric value encountered in /home/atleti00/atletik.in.ua/www/system/library/mpdf/mpdf.php on line 12104
2024-03-24 15:42:12 - PHP Notice:  A non well formed numeric value encountered in /home/atleti00/atletik.in.ua/www/system/library/mpdf/mpdf.php on line 12104
2024-03-24 15:42:12 - PHP Notice:  A non well formed numeric value encountered in /home/atleti00/atletik.in.ua/www/system/library/mpdf/mpdf.php on line 12140
2024-03-24 15:42:12 - PHP Notice:  A non well formed numeric value encountered in /home/atleti00/atletik.in.ua/www/system/library/mpdf/mpdf.php on line 12104
2024-03-24 15:42:12 - PHP Notice:  A non well formed numeric value encountered in /home/atleti00/atletik.in.ua/www/system/library/mpdf/mpdf.php on line 12104
2024-03-24 15:42:12 - PHP Notice:  A non well formed numeric value encountered in /home/atleti00/atletik.in.ua/www/system/library/mpdf/mpdf.php on line 12104
2024-03-24 15:42:12 - PHP Notice:  A non well formed numeric value encountered in /home/atleti00/atletik.in.ua/www/system/library/mpdf/mpdf.php on line 12104
2024-03-24 15:42:12 - PHP Notice:  A non well formed numeric value encountered in /home/atleti00/atletik.in.ua/www/system/library/mpdf/mpdf.php on line 12140
2024-03-24 15:42:12 - PHP Notice:  A non well formed numeric value encountered in /home/atleti00/atletik.in.ua/www/system/library/mpdf/mpdf.php on line 12104
2024-03-24 15:42:12 - PHP Notice:  A non well formed numeric value encountered in /home/atleti00/atletik.in.ua/www/system/library/mpdf/mpdf.php on line 12104
2024-03-24 15:42:12 - PHP Notice:  A non well formed numeric value encountered in /home/atleti00/atletik.in.ua/www/system/library/mpdf/mpdf.php on line 31913
2024-03-24 15:42:12 - PHP Notice:  A non well formed numeric value encountered in /home/atleti00/atletik.in.ua/www/system/library/mpdf/mpdf.php on line 31912
2024-03-24 15:42:12 - PHP Notice:  A non well formed numeric value encountered in /home/atleti00/atletik.in.ua/www/system/library/mpdf/mpdf.php on line 31912
2024-03-24 15:42:12 - PHP Notice:  A non well formed numeric value encountered in /home/atleti00/atletik.in.ua/www/system/library/mpdf/mpdf.php on line 31912
2024-03-24 15:42:12 - PHP Notice:  A non well formed numeric value encountered in /home/atleti00/atletik.in.ua/www/system/library/mpdf/mpdf.php on line 12104
2024-03-24 15:42:12 - PHP Notice:  A non well formed numeric value encountered in /home/atleti00/atletik.in.ua/www/system/library/mpdf/mpdf.php on line 12140
2024-03-24 15:42:12 - PHP Notice:  A non well formed numeric value encountered in /home/atleti00/atletik.in.ua/www/system/library/mpdf/mpdf.php on line 31912
2024-03-24 15:42:12 - PHP Notice:  A non well formed numeric value encountered in /home/atleti00/atletik.in.ua/www/system/library/mpdf/mpdf.php on line 12104
2024-03-24 15:42:12 - PHP Unknown:  Methods with the same name as their class will not be constructors in a future version of PHP; TTFontFile has a deprecated constructor in /home/atleti00/atletik.in.ua/www/system/library/mpdf/classes/ttfontsuni.php on line 51
2024-03-24 15:42:12 - PHP Unknown:  The each() function is deprecated. This message will be suppressed on further calls in /home/atleti00/atletik.in.ua/www/system/library/mpdf/mpdf.php on line 9665
2024-03-24 16:30:40 - PHP Warning:  mysqli::__construct(): The server requested authentication method unknown to the client [caching_sha2_password] in C:\OSPanel\domains\atletik.in.ua\www\system\library\db\mysqli.php on line 7
2024-03-24 16:30:40 - PHP Warning:  mysqli::__construct(): (HY000/2054): The server requested authentication method unknown to the client in C:\OSPanel\domains\atletik.in.ua\www\system\library\db\mysqli.php on line 7
2024-03-24 16:30:40 - PHP Warning:  DB\MySQLi::__construct(): Couldn't fetch mysqli in C:\OSPanel\domains\atletik.in.ua\www\system\library\db\mysqli.php on line 10
2024-03-24 16:30:40 - PHP Warning:  DB\MySQLi::__construct(): Couldn't fetch mysqli in C:\OSPanel\domains\atletik.in.ua\www\system\library\db\mysqli.php on line 10
